{"C:\\Users\\willi\\Documents\\PROJETOS\\Gerenciador_Financeiro-4.0\\backend\\src\\app.module.ts": {"path":"C:\\Users\\willi\\Documents\\PROJETOS\\Gerenciador_Financeiro-4.0\\backend\\src\\app.module.ts","statementMap":{"0":{"start":{"line":1,"column":0},"end":{"line":1,"column":40}},"1":{"start":{"line":2,"column":0},"end":{"line":2,"column":48}},"2":{"start":{"line":3,"column":0},"end":{"line":3,"column":69}},"3":{"start":{"line":4,"column":0},"end":{"line":4,"column":61}},"4":{"start":{"line":5,"column":0},"end":{"line":5,"column":63}},"5":{"start":{"line":6,"column":0},"end":{"line":6,"column":56}},"6":{"start":{"line":25,"column":7},"end":{"line":25,"column":null}},"7":{"start":{"line":25,"column":13},"end":{"line":25,"column":22}},"8":{"start":{"line":25,"column":13},"end":{"line":25,"column":null}}},"fnMap":{},"branchMap":{"0":{"loc":{"start":{"line":12,"column":12},"end":{"line":12,"column":52}},"type":"cond-expr","locations":[{"start":{"line":12,"column":37},"end":{"line":12,"column":41}},{"start":{"line":12,"column":41},"end":{"line":12,"column":52}}]},"1":{"loc":{"start":{"line":12,"column":12},"end":{"line":12,"column":41}},"type":"binary-expr","locations":[{"start":{"line":12,"column":12},"end":{"line":12,"column":41}},{"start":{"line":12,"column":37},"end":{"line":12,"column":41}}]},"2":{"loc":{"start":{"line":13,"column":12},"end":{"line":13,"column":86}},"type":"cond-expr","locations":[{"start":{"line":13,"column":40},"end":{"line":13,"column":79}},{"start":{"line":13,"column":82},"end":{"line":13,"column":86}}]},"3":{"loc":{"start":{"line":14,"column":16},"end":{"line":14,"column":57}},"type":"cond-expr","locations":[{"start":{"line":14,"column":41},"end":{"line":14,"column":45}},{"start":{"line":14,"column":45},"end":{"line":14,"column":57}}]},"4":{"loc":{"start":{"line":14,"column":16},"end":{"line":14,"column":45}},"type":"binary-expr","locations":[{"start":{"line":14,"column":16},"end":{"line":14,"column":45}},{"start":{"line":14,"column":41},"end":{"line":14,"column":45}}]},"5":{"loc":{"start":{"line":15,"column":16},"end":{"line":15,"column":61}},"type":"cond-expr","locations":[{"start":{"line":15,"column":45},"end":{"line":15,"column":49}},{"start":{"line":15,"column":49},"end":{"line":15,"column":61}}]},"6":{"loc":{"start":{"line":15,"column":16},"end":{"line":15,"column":49}},"type":"binary-expr","locations":[{"start":{"line":15,"column":16},"end":{"line":15,"column":49}},{"start":{"line":15,"column":45},"end":{"line":15,"column":49}}]},"7":{"loc":{"start":{"line":16,"column":16},"end":{"line":16,"column":57}},"type":"cond-expr","locations":[{"start":{"line":16,"column":41},"end":{"line":16,"column":45}},{"start":{"line":16,"column":45},"end":{"line":16,"column":57}}]},"8":{"loc":{"start":{"line":16,"column":16},"end":{"line":16,"column":45}},"type":"binary-expr","locations":[{"start":{"line":16,"column":16},"end":{"line":16,"column":45}},{"start":{"line":16,"column":41},"end":{"line":16,"column":45}}]}},"s":{"0":0,"1":0,"2":0,"3":0,"4":0,"5":0,"6":0,"7":0,"8":0},"f":{},"b":{"0":[0,0],"1":[0,0],"2":[0,0],"3":[0,0],"4":[0,0],"5":[0,0],"6":[0,0],"7":[0,0],"8":[0,0]}}
,"C:\\Users\\willi\\Documents\\PROJETOS\\Gerenciador_Financeiro-4.0\\backend\\src\\dashboard.controller.ts": {"path":"C:\\Users\\willi\\Documents\\PROJETOS\\Gerenciador_Financeiro-4.0\\backend\\src\\dashboard.controller.ts","statementMap":{"0":{"start":{"line":1,"column":0},"end":{"line":1,"column":49}},"1":{"start":{"line":2,"column":0},"end":{"line":2,"column":51}},"2":{"start":{"line":3,"column":0},"end":{"line":3,"column":37}},"3":{"start":{"line":4,"column":0},"end":{"line":4,"column":63}},"4":{"start":{"line":7,"column":7},"end":{"line":37,"column":null}},"5":{"start":{"line":10,"column":21},"end":{"line":10,"column":27}},"6":{"start":{"line":15,"column":25},"end":{"line":15,"column":47}},"7":{"start":{"line":17,"column":25},"end":{"line":25,"column":51}},"8":{"start":{"line":18,"column":20},"end":{"line":18,"column":63}},"9":{"start":{"line":18,"column":36},"end":{"line":18,"column":62}},"10":{"start":{"line":19,"column":6},"end":{"line":23,"column":7}},"11":{"start":{"line":20,"column":8},"end":{"line":20,"column":39}},"12":{"start":{"line":22,"column":8},"end":{"line":22,"column":68}},"13":{"start":{"line":24,"column":6},"end":{"line":24,"column":17}},"14":{"start":{"line":27,"column":25},"end":{"line":27,"column":116}},"15":{"start":{"line":27,"column":50},"end":{"line":27,"column":70}},"16":{"start":{"line":27,"column":91},"end":{"line":27,"column":112}},"17":{"start":{"line":28,"column":23},"end":{"line":28,"column":112}},"18":{"start":{"line":28,"column":48},"end":{"line":28,"column":66}},"19":{"start":{"line":28,"column":87},"end":{"line":28,"column":108}},"20":{"start":{"line":29,"column":4},"end":{"line":35,"column":6}},"21":{"start":{"line":7,"column":13},"end":{"line":7,"column":32}},"22":{"start":{"line":14,"column":8},"end":{"line":36,"column":null}},"23":{"start":{"line":7,"column":13},"end":{"line":37,"column":null}}},"fnMap":{"0":{"name":"(anonymous_4)","decl":{"start":{"line":8,"column":2},"end":{"line":8,"column":null}},"loc":{"start":{"line":10,"column":50},"end":{"line":11,"column":6}}},"1":{"name":"(anonymous_5)","decl":{"start":{"line":14,"column":2},"end":{"line":14,"column":7}},"loc":{"start":{"line":14,"column":20},"end":{"line":36,"column":3}}},"2":{"name":"(anonymous_6)","decl":{"start":{"line":17,"column":45},"end":{"line":17,"column":46}},"loc":{"start":{"line":17,"column":56},"end":{"line":25,"column":5}}},"3":{"name":"(anonymous_7)","decl":{"start":{"line":18,"column":29},"end":{"line":18,"column":30}},"loc":{"start":{"line":18,"column":36},"end":{"line":18,"column":62}}},"4":{"name":"(anonymous_8)","decl":{"start":{"line":27,"column":45},"end":{"line":27,"column":46}},"loc":{"start":{"line":27,"column":50},"end":{"line":27,"column":70}}},"5":{"name":"(anonymous_9)","decl":{"start":{"line":27,"column":79},"end":{"line":27,"column":80}},"loc":{"start":{"line":27,"column":91},"end":{"line":27,"column":112}}},"6":{"name":"(anonymous_10)","decl":{"start":{"line":28,"column":43},"end":{"line":28,"column":44}},"loc":{"start":{"line":28,"column":48},"end":{"line":28,"column":66}}},"7":{"name":"(anonymous_11)","decl":{"start":{"line":28,"column":75},"end":{"line":28,"column":76}},"loc":{"start":{"line":28,"column":87},"end":{"line":28,"column":108}}}},"branchMap":{"0":{"loc":{"start":{"line":19,"column":6},"end":{"line":23,"column":7}},"type":"if","locations":[{"start":{"line":19,"column":6},"end":{"line":23,"column":7}},{"start":{"line":21,"column":13},"end":{"line":23,"column":7}}]}},"s":{"0":0,"1":0,"2":0,"3":0,"4":0,"5":0,"6":0,"7":0,"8":0,"9":0,"10":0,"11":0,"12":0,"13":0,"14":0,"15":0,"16":0,"17":0,"18":0,"19":0,"20":0,"21":0,"22":0,"23":0},"f":{"0":0,"1":0,"2":0,"3":0,"4":0,"5":0,"6":0,"7":0},"b":{"0":[0,0]}}
,"C:\\Users\\willi\\Documents\\PROJETOS\\Gerenciador_Financeiro-4.0\\backend\\src\\ia-chat.controller.ts": {"path":"C:\\Users\\willi\\Documents\\PROJETOS\\Gerenciador_Financeiro-4.0\\backend\\src\\ia-chat.controller.ts","statementMap":{"0":{"start":{"line":1,"column":0},"end":{"line":1,"column":56}},"1":{"start":{"line":4,"column":7},"end":{"line":22,"column":null}},"2":{"start":{"line":9,"column":20},"end":{"line":9,"column":53}},"3":{"start":{"line":10,"column":16},"end":{"line":10,"column":57}},"4":{"start":{"line":11,"column":4},"end":{"line":19,"column":5}},"5":{"start":{"line":12,"column":6},"end":{"line":12,"column":101}},"6":{"start":{"line":13,"column":11},"end":{"line":19,"column":5}},"7":{"start":{"line":14,"column":6},"end":{"line":14,"column":78}},"8":{"start":{"line":15,"column":11},"end":{"line":19,"column":5}},"9":{"start":{"line":16,"column":6},"end":{"line":16,"column":67}},"10":{"start":{"line":17,"column":11},"end":{"line":19,"column":5}},"11":{"start":{"line":18,"column":6},"end":{"line":18,"column":90}},"12":{"start":{"line":20,"column":4},"end":{"line":20,"column":21}},"13":{"start":{"line":4,"column":13},"end":{"line":4,"column":29}},"14":{"start":{"line":6,"column":8},"end":{"line":21,"column":null}},"15":{"start":{"line":4,"column":13},"end":{"line":22,"column":null}}},"fnMap":{"0":{"name":"(anonymous_4)","decl":{"start":{"line":6,"column":2},"end":{"line":6,"column":7}},"loc":{"start":{"line":6,"column":46},"end":{"line":21,"column":3}}}},"branchMap":{"0":{"loc":{"start":{"line":9,"column":20},"end":{"line":9,"column":53}},"type":"binary-expr","locations":[{"start":{"line":9,"column":20},"end":{"line":9,"column":47}},{"start":{"line":9,"column":51},"end":{"line":9,"column":53}}]},"1":{"loc":{"start":{"line":9,"column":20},"end":{"line":9,"column":47}},"type":"cond-expr","locations":[{"start":{"line":9,"column":32},"end":{"line":9,"column":34}},{"start":{"line":9,"column":32},"end":{"line":9,"column":47}}]},"2":{"loc":{"start":{"line":9,"column":20},"end":{"line":9,"column":34}},"type":"binary-expr","locations":[{"start":{"line":9,"column":20},"end":{"line":9,"column":34}},{"start":{"line":9,"column":32},"end":{"line":9,"column":34}}]},"3":{"loc":{"start":{"line":11,"column":4},"end":{"line":19,"column":5}},"type":"if","locations":[{"start":{"line":11,"column":4},"end":{"line":19,"column":5}},{"start":{"line":13,"column":11},"end":{"line":19,"column":5}}]},"4":{"loc":{"start":{"line":11,"column":8},"end":{"line":11,"column":65}},"type":"binary-expr","locations":[{"start":{"line":11,"column":8},"end":{"line":11,"column":33}},{"start":{"line":11,"column":37},"end":{"line":11,"column":65}}]},"5":{"loc":{"start":{"line":13,"column":11},"end":{"line":19,"column":5}},"type":"if","locations":[{"start":{"line":13,"column":11},"end":{"line":19,"column":5}},{"start":{"line":15,"column":11},"end":{"line":19,"column":5}}]},"6":{"loc":{"start":{"line":15,"column":11},"end":{"line":19,"column":5}},"type":"if","locations":[{"start":{"line":15,"column":11},"end":{"line":19,"column":5}},{"start":{"line":17,"column":11},"end":{"line":19,"column":5}}]},"7":{"loc":{"start":{"line":15,"column":15},"end":{"line":15,"column":64}},"type":"binary-expr","locations":[{"start":{"line":15,"column":15},"end":{"line":15,"column":38}},{"start":{"line":15,"column":42},"end":{"line":15,"column":64}}]},"8":{"loc":{"start":{"line":17,"column":11},"end":{"line":19,"column":5}},"type":"if","locations":[{"start":{"line":17,"column":11},"end":{"line":19,"column":5}}]}},"s":{"0":0,"1":0,"2":0,"3":0,"4":0,"5":0,"6":0,"7":0,"8":0,"9":0,"10":0,"11":0,"12":0,"13":0,"14":0,"15":0},"f":{"0":0},"b":{"0":[0,0],"1":[0,0],"2":[0,0],"3":[0,0],"4":[0,0],"5":[0,0],"6":[0,0],"7":[0,0],"8":[0]}}
,"C:\\Users\\willi\\Documents\\PROJETOS\\Gerenciador_Financeiro-4.0\\backend\\src\\main.ts": {"path":"C:\\Users\\willi\\Documents\\PROJETOS\\Gerenciador_Financeiro-4.0\\backend\\src\\main.ts","statementMap":{"0":{"start":{"line":1,"column":0},"end":{"line":1,"column":43}},"1":{"start":{"line":2,"column":0},"end":{"line":2,"column":41}},"2":{"start":{"line":5,"column":14},"end":{"line":5,"column":49}},"3":{"start":{"line":6,"column":2},"end":{"line":6,"column":19}},"4":{"start":{"line":7,"column":2},"end":{"line":7,"column":25}},"5":{"start":{"line":9,"column":0},"end":{"line":9,"column":12}}},"fnMap":{"0":{"name":"bootstrap","decl":{"start":{"line":4,"column":15},"end":{"line":4,"column":24}},"loc":{"start":{"line":4,"column":24},"end":{"line":8,"column":1}}}},"branchMap":{},"s":{"0":0,"1":0,"2":0,"3":0,"4":0,"5":0},"f":{"0":0},"b":{}}
,"C:\\Users\\willi\\Documents\\PROJETOS\\Gerenciador_Financeiro-4.0\\backend\\src\\transaction\\create-transaction.dto.ts": {"path":"C:\\Users\\willi\\Documents\\PROJETOS\\Gerenciador_Financeiro-4.0\\backend\\src\\transaction\\create-transaction.dto.ts","statementMap":{"0":{"start":{"line":3,"column":0},"end":{"line":3,"column":13}}},"fnMap":{},"branchMap":{},"s":{"0":0},"f":{},"b":{}}
,"C:\\Users\\willi\\Documents\\PROJETOS\\Gerenciador_Financeiro-4.0\\backend\\src\\transaction\\transaction.controller.ts": {"path":"C:\\Users\\willi\\Documents\\PROJETOS\\Gerenciador_Financeiro-4.0\\backend\\src\\transaction\\transaction.controller.ts","statementMap":{"0":{"start":{"line":1,"column":0},"end":{"line":1,"column":117}},"1":{"start":{"line":2,"column":0},"end":{"line":2,"column":59}},"2":{"start":{"line":4,"column":0},"end":{"line":4,"column":59}},"3":{"start":{"line":9,"column":7},"end":{"line":162,"column":null}},"4":{"start":{"line":10,"column":31},"end":{"line":10,"column":40}},"5":{"start":{"line":14,"column":4},"end":{"line":14,"column":34}},"6":{"start":{"line":19,"column":4},"end":{"line":19,"column":44}},"7":{"start":{"line":24,"column":4},"end":{"line":24,"column":37}},"8":{"start":{"line":29,"column":4},"end":{"line":29,"column":49}},"9":{"start":{"line":34,"column":4},"end":{"line":34,"column":43}},"10":{"start":{"line":39,"column":4},"end":{"line":39,"column":35}},"11":{"start":{"line":46,"column":43},"end":{"line":46,"column":45}},"12":{"start":{"line":47,"column":24},"end":{"line":53,"column":6}},"13":{"start":{"line":55,"column":4},"end":{"line":160,"column":5}},"14":{"start":{"line":56,"column":6},"end":{"line":56,"column":46}},"15":{"start":{"line":58,"column":27},"end":{"line":58,"column":41}},"16":{"start":{"line":59,"column":6},"end":{"line":65,"column":64}},"17":{"start":{"line":59,"column":37},"end":{"line":59,"column":65}},"18":{"start":{"line":60,"column":11},"end":{"line":65,"column":64}},"19":{"start":{"line":60,"column":49},"end":{"line":60,"column":84}},"20":{"start":{"line":61,"column":11},"end":{"line":65,"column":64}},"21":{"start":{"line":61,"column":54},"end":{"line":61,"column":80}},"22":{"start":{"line":62,"column":11},"end":{"line":65,"column":64}},"23":{"start":{"line":62,"column":39},"end":{"line":62,"column":64}},"24":{"start":{"line":63,"column":11},"end":{"line":65,"column":64}},"25":{"start":{"line":63,"column":43},"end":{"line":63,"column":72}},"26":{"start":{"line":64,"column":11},"end":{"line":65,"column":64}},"27":{"start":{"line":64,"column":38},"end":{"line":64,"column":62}},"28":{"start":{"line":65,"column":11},"end":{"line":65,"column":64}},"29":{"start":{"line":65,"column":39},"end":{"line":65,"column":64}},"30":{"start":{"line":67,"column":20},"end":{"line":67,"column":61}},"31":{"start":{"line":67,"column":52},"end":{"line":67,"column":60}},"32":{"start":{"line":68,"column":14},"end":{"line":68,"column":15}},"33":{"start":{"line":69,"column":34},"end":{"line":69,"column":36}},"34":{"start":{"line":70,"column":35},"end":{"line":70,"column":37}},"35":{"start":{"line":71,"column":40},"end":{"line":71,"column":42}},"36":{"start":{"line":72,"column":6},"end":{"line":135,"column":7}},"37":{"start":{"line":74,"column":26},"end":{"line":74,"column":89}},"38":{"start":{"line":76,"column":8},"end":{"line":134,"column":9}},"39":{"start":{"line":77,"column":23},"end":{"line":77,"column":35}},"40":{"start":{"line":79,"column":22},"end":{"line":79,"column":23}},"41":{"start":{"line":80,"column":27},"end":{"line":80,"column":67}},"42":{"start":{"line":81,"column":27},"end":{"line":81,"column":28}},"43":{"start":{"line":82,"column":10},"end":{"line":85,"column":11}},"44":{"start":{"line":83,"column":12},"end":{"line":83,"column":68}},"45":{"start":{"line":84,"column":12},"end":{"line":84,"column":45}},"46":{"start":{"line":84,"column":28},"end":{"line":84,"column":45}},"47":{"start":{"line":86,"column":10},"end":{"line":89,"column":11}},"48":{"start":{"line":87,"column":12},"end":{"line":87,"column":68}},"49":{"start":{"line":88,"column":12},"end":{"line":88,"column":45}},"50":{"start":{"line":88,"column":28},"end":{"line":88,"column":45}},"51":{"start":{"line":90,"column":10},"end":{"line":92,"column":11}},"52":{"start":{"line":91,"column":12},"end":{"line":91,"column":83}},"53":{"start":{"line":94,"column":42},"end":{"line":94,"column":49}},"54":{"start":{"line":95,"column":10},"end":{"line":95,"column":340}},"55":{"start":{"line":95,"column":323},"end":{"line":95,"column":340}},"56":{"start":{"line":96,"column":10},"end":{"line":96,"column":351}},"57":{"start":{"line":96,"column":336},"end":{"line":96,"column":351}},"58":{"start":{"line":98,"column":26},"end":{"line":98,"column":146}},"59":{"start":{"line":99,"column":18},"end":{"line":99,"column":23}},"60":{"start":{"line":100,"column":10},"end":{"line":106,"column":11}},"61":{"start":{"line":102,"column":12},"end":{"line":104,"column":13}},"62":{"start":{"line":103,"column":14},"end":{"line":103,"column":73}},"63":{"start":{"line":105,"column":12},"end":{"line":105,"column":16}},"64":{"start":{"line":107,"column":10},"end":{"line":125,"column":11}},"65":{"start":{"line":109,"column":25},"end":{"line":109,"column":45}},"66":{"start":{"line":110,"column":22},"end":{"line":110,"column":123}},"67":{"start":{"line":111,"column":22},"end":{"line":111,"column":48}},"68":{"start":{"line":112,"column":22},"end":{"line":112,"column":48}},"69":{"start":{"line":113,"column":12},"end":{"line":121,"column":15}},"70":{"start":{"line":122,"column":12},"end":{"line":122,"column":38}},"71":{"start":{"line":124,"column":12},"end":{"line":124,"column":37}},"72":{"start":{"line":126,"column":10},"end":{"line":126,"column":40}},"73":{"start":{"line":129,"column":10},"end":{"line":131,"column":11}},"74":{"start":{"line":130,"column":12},"end":{"line":130,"column":43}},"75":{"start":{"line":132,"column":10},"end":{"line":132,"column":35}},"76":{"start":{"line":133,"column":10},"end":{"line":133,"column":14}},"77":{"start":{"line":136,"column":6},"end":{"line":136,"column":43}},"78":{"start":{"line":137,"column":6},"end":{"line":137,"column":134}},"79":{"start":{"line":138,"column":6},"end":{"line":138,"column":91}},"80":{"start":{"line":139,"column":6},"end":{"line":139,"column":39}},"81":{"start":{"line":140,"column":6},"end":{"line":140,"column":46}},"82":{"start":{"line":141,"column":6},"end":{"line":141,"column":56}},"83":{"start":{"line":142,"column":6},"end":{"line":142,"column":58}},"84":{"start":{"line":143,"column":6},"end":{"line":143,"column":68}},"85":{"start":{"line":144,"column":6},"end":{"line":144,"column":52}},"86":{"start":{"line":146,"column":19},"end":{"line":146,"column":20}},"87":{"start":{"line":147,"column":32},"end":{"line":147,"column":33}},"88":{"start":{"line":148,"column":6},"end":{"line":152,"column":7}},"89":{"start":{"line":149,"column":23},"end":{"line":149,"column":51}},"90":{"start":{"line":150,"column":8},"end":{"line":151,"column":35}},"91":{"start":{"line":150,"column":20},"end":{"line":150,"column":29}},"92":{"start":{"line":151,"column":13},"end":{"line":151,"column":35}},"93":{"start":{"line":153,"column":6},"end":{"line":153,"column":31}},"94":{"start":{"line":154,"column":6},"end":{"line":154,"column":48}},"95":{"start":{"line":155,"column":6},"end":{"line":155,"column":49}},"96":{"start":{"line":156,"column":6},"end":{"line":156,"column":22}},"97":{"start":{"line":158,"column":6},"end":{"line":158,"column":52}},"98":{"start":{"line":159,"column":6},"end":{"line":159,"column":14}},"99":{"start":{"line":9,"column":13},"end":{"line":9,"column":34}},"100":{"start":{"line":13,"column":2},"end":{"line":15,"column":null}},"101":{"start":{"line":18,"column":2},"end":{"line":20,"column":null}},"102":{"start":{"line":23,"column":2},"end":{"line":25,"column":null}},"103":{"start":{"line":28,"column":2},"end":{"line":30,"column":null}},"104":{"start":{"line":33,"column":2},"end":{"line":35,"column":null}},"105":{"start":{"line":38,"column":8},"end":{"line":40,"column":null}},"106":{"start":{"line":44,"column":8},"end":{"line":161,"column":null}},"107":{"start":{"line":9,"column":13},"end":{"line":162,"column":null}}},"fnMap":{"0":{"name":"(anonymous_4)","decl":{"start":{"line":10,"column":2},"end":{"line":10,"column":31}},"loc":{"start":{"line":10,"column":58},"end":{"line":10,"column":62}}},"1":{"name":"(anonymous_5)","decl":{"start":{"line":13,"column":2},"end":{"line":13,"column":9}},"loc":{"start":{"line":13,"column":9},"end":{"line":15,"column":3}}},"2":{"name":"(anonymous_6)","decl":{"start":{"line":18,"column":2},"end":{"line":18,"column":9}},"loc":{"start":{"line":18,"column":33},"end":{"line":20,"column":3}}},"3":{"name":"(anonymous_7)","decl":{"start":{"line":23,"column":2},"end":{"line":23,"column":8}},"loc":{"start":{"line":23,"column":43},"end":{"line":25,"column":3}}},"4":{"name":"(anonymous_8)","decl":{"start":{"line":28,"column":2},"end":{"line":28,"column":8}},"loc":{"start":{"line":28,"column":68},"end":{"line":30,"column":3}}},"5":{"name":"(anonymous_9)","decl":{"start":{"line":33,"column":2},"end":{"line":33,"column":8}},"loc":{"start":{"line":33,"column":32},"end":{"line":35,"column":3}}},"6":{"name":"(anonymous_10)","decl":{"start":{"line":38,"column":2},"end":{"line":38,"column":7}},"loc":{"start":{"line":38,"column":17},"end":{"line":40,"column":3}}},"7":{"name":"(anonymous_11)","decl":{"start":{"line":44,"column":2},"end":{"line":44,"column":7}},"loc":{"start":{"line":44,"column":47},"end":{"line":161,"column":3}}},"8":{"name":"(anonymous_12)","decl":{"start":{"line":67,"column":47},"end":{"line":67,"column":48}},"loc":{"start":{"line":67,"column":52},"end":{"line":67,"column":60}}}},"branchMap":{"0":{"loc":{"start":{"line":59,"column":6},"end":{"line":65,"column":64}},"type":"if","locations":[{"start":{"line":59,"column":6},"end":{"line":65,"column":64}},{"start":{"line":60,"column":11},"end":{"line":65,"column":64}}]},"1":{"loc":{"start":{"line":60,"column":11},"end":{"line":65,"column":64}},"type":"if","locations":[{"start":{"line":60,"column":11},"end":{"line":65,"column":64}},{"start":{"line":61,"column":11},"end":{"line":65,"column":64}}]},"2":{"loc":{"start":{"line":61,"column":11},"end":{"line":65,"column":64}},"type":"if","locations":[{"start":{"line":61,"column":11},"end":{"line":65,"column":64}},{"start":{"line":62,"column":11},"end":{"line":65,"column":64}}]},"3":{"loc":{"start":{"line":62,"column":11},"end":{"line":65,"column":64}},"type":"if","locations":[{"start":{"line":62,"column":11},"end":{"line":65,"column":64}},{"start":{"line":63,"column":11},"end":{"line":65,"column":64}}]},"4":{"loc":{"start":{"line":63,"column":11},"end":{"line":65,"column":64}},"type":"if","locations":[{"start":{"line":63,"column":11},"end":{"line":65,"column":64}},{"start":{"line":64,"column":11},"end":{"line":65,"column":64}}]},"5":{"loc":{"start":{"line":64,"column":11},"end":{"line":65,"column":64}},"type":"if","locations":[{"start":{"line":64,"column":11},"end":{"line":65,"column":64}},{"start":{"line":65,"column":11},"end":{"line":65,"column":64}}]},"6":{"loc":{"start":{"line":65,"column":11},"end":{"line":65,"column":64}},"type":"if","locations":[{"start":{"line":65,"column":11},"end":{"line":65,"column":64}}]},"7":{"loc":{"start":{"line":76,"column":8},"end":{"line":134,"column":9}},"type":"if","locations":[{"start":{"line":76,"column":8},"end":{"line":134,"column":9}},{"start":{"line":127,"column":15},"end":{"line":134,"column":9}}]},"8":{"loc":{"start":{"line":76,"column":12},"end":{"line":76,"column":303}},"type":"binary-expr","locations":[{"start":{"line":76,"column":12},"end":{"line":76,"column":21}},{"start":{"line":76,"column":25},"end":{"line":76,"column":303}}]},"9":{"loc":{"start":{"line":82,"column":10},"end":{"line":85,"column":11}},"type":"if","locations":[{"start":{"line":82,"column":10},"end":{"line":85,"column":11}}]},"10":{"loc":{"start":{"line":82,"column":14},"end":{"line":82,"column":47}},"type":"binary-expr","locations":[{"start":{"line":82,"column":14},"end":{"line":82,"column":25}},{"start":{"line":82,"column":29},"end":{"line":82,"column":47}}]},"11":{"loc":{"start":{"line":84,"column":12},"end":{"line":84,"column":45}},"type":"if","locations":[{"start":{"line":84,"column":12},"end":{"line":84,"column":45}}]},"12":{"loc":{"start":{"line":86,"column":10},"end":{"line":89,"column":11}},"type":"if","locations":[{"start":{"line":86,"column":10},"end":{"line":89,"column":11}}]},"13":{"loc":{"start":{"line":86,"column":14},"end":{"line":86,"column":47}},"type":"binary-expr","locations":[{"start":{"line":86,"column":14},"end":{"line":86,"column":25}},{"start":{"line":86,"column":29},"end":{"line":86,"column":47}}]},"14":{"loc":{"start":{"line":88,"column":12},"end":{"line":88,"column":45}},"type":"if","locations":[{"start":{"line":88,"column":12},"end":{"line":88,"column":45}}]},"15":{"loc":{"start":{"line":90,"column":10},"end":{"line":92,"column":11}},"type":"if","locations":[{"start":{"line":90,"column":10},"end":{"line":92,"column":11}}]},"16":{"loc":{"start":{"line":95,"column":10},"end":{"line":95,"column":340}},"type":"if","locations":[{"start":{"line":95,"column":10},"end":{"line":95,"column":340}}]},"17":{"loc":{"start":{"line":96,"column":10},"end":{"line":96,"column":351}},"type":"if","locations":[{"start":{"line":96,"column":10},"end":{"line":96,"column":351}}]},"18":{"loc":{"start":{"line":100,"column":17},"end":{"line":100,"column":101}},"type":"binary-expr","locations":[{"start":{"line":100,"column":17},"end":{"line":100,"column":33}},{"start":{"line":100,"column":37},"end":{"line":100,"column":101}}]},"19":{"loc":{"start":{"line":102,"column":12},"end":{"line":104,"column":13}},"type":"if","locations":[{"start":{"line":102,"column":12},"end":{"line":104,"column":13}}]},"20":{"loc":{"start":{"line":107,"column":10},"end":{"line":125,"column":11}},"type":"if","locations":[{"start":{"line":107,"column":10},"end":{"line":125,"column":11}},{"start":{"line":123,"column":17},"end":{"line":125,"column":11}}]},"21":{"loc":{"start":{"line":107,"column":14},"end":{"line":107,"column":49}},"type":"binary-expr","locations":[{"start":{"line":107,"column":14},"end":{"line":107,"column":25}},{"start":{"line":107,"column":29},"end":{"line":107,"column":49}}]},"22":{"loc":{"start":{"line":110,"column":22},"end":{"line":110,"column":123}},"type":"cond-expr","locations":[{"start":{"line":110,"column":48},"end":{"line":110,"column":110}},{"start":{"line":110,"column":114},"end":{"line":110,"column":123}}]},"23":{"loc":{"start":{"line":110,"column":48},"end":{"line":110,"column":110}},"type":"cond-expr","locations":[{"start":{"line":110,"column":75},"end":{"line":110,"column":91}},{"start":{"line":110,"column":94},"end":{"line":110,"column":110}}]},"24":{"loc":{"start":{"line":129,"column":10},"end":{"line":131,"column":11}},"type":"if","locations":[{"start":{"line":129,"column":10},"end":{"line":131,"column":11}}]},"25":{"loc":{"start":{"line":129,"column":14},"end":{"line":129,"column":335}},"type":"binary-expr","locations":[{"start":{"line":129,"column":14},"end":{"line":129,"column":53}},{"start":{"line":129,"column":57},"end":{"line":129,"column":335}}]},"26":{"loc":{"start":{"line":150,"column":8},"end":{"line":151,"column":35}},"type":"if","locations":[{"start":{"line":150,"column":8},"end":{"line":151,"column":35}},{"start":{"line":151,"column":13},"end":{"line":151,"column":35}}]}},"s":{"0":1,"1":1,"2":1,"3":1,"4":6,"5":1,"6":1,"7":1,"8":1,"9":1,"10":1,"11":0,"12":0,"13":0,"14":0,"15":0,"16":0,"17":0,"18":0,"19":0,"20":0,"21":0,"22":0,"23":0,"24":0,"25":0,"26":0,"27":0,"28":0,"29":0,"30":0,"31":0,"32":0,"33":0,"34":0,"35":0,"36":0,"37":0,"38":0,"39":0,"40":0,"41":0,"42":0,"43":0,"44":0,"45":0,"46":0,"47":0,"48":0,"49":0,"50":0,"51":0,"52":0,"53":0,"54":0,"55":0,"56":0,"57":0,"58":0,"59":0,"60":0,"61":0,"62":0,"63":0,"64":0,"65":0,"66":0,"67":0,"68":0,"69":0,"70":0,"71":0,"72":0,"73":0,"74":0,"75":0,"76":0,"77":0,"78":0,"79":0,"80":0,"81":0,"82":0,"83":0,"84":0,"85":0,"86":0,"87":0,"88":0,"89":0,"90":0,"91":0,"92":0,"93":0,"94":0,"95":0,"96":0,"97":0,"98":0,"99":1,"100":1,"101":1,"102":1,"103":1,"104":1,"105":1,"106":1,"107":1},"f":{"0":6,"1":1,"2":1,"3":1,"4":1,"5":1,"6":1,"7":0,"8":0},"b":{"0":[0,0],"1":[0,0],"2":[0,0],"3":[0,0],"4":[0,0],"5":[0,0],"6":[0],"7":[0,0],"8":[0,0],"9":[0],"10":[0,0],"11":[0],"12":[0],"13":[0,0],"14":[0],"15":[0],"16":[0],"17":[0],"18":[0,0],"19":[0],"20":[0,0],"21":[0,0],"22":[0,0],"23":[0,0],"24":[0],"25":[0,0],"26":[0,0]}}
,"C:\\Users\\willi\\Documents\\PROJETOS\\Gerenciador_Financeiro-4.0\\backend\\src\\transaction\\transaction.entity.ts": {"path":"C:\\Users\\willi\\Documents\\PROJETOS\\Gerenciador_Financeiro-4.0\\backend\\src\\transaction\\transaction.entity.ts","statementMap":{"0":{"start":{"line":1,"column":0},"end":{"line":1,"column":65}},"1":{"start":{"line":6,"column":7},"end":{"line":30,"column":null}},"2":{"start":{"line":6,"column":13},"end":{"line":6,"column":24}},"3":{"start":{"line":8,"column":2},"end":{"line":8,"column":null}},"4":{"start":{"line":11,"column":2},"end":{"line":11,"column":null}},"5":{"start":{"line":14,"column":2},"end":{"line":14,"column":null}},"6":{"start":{"line":17,"column":2},"end":{"line":17,"column":null}},"7":{"start":{"line":20,"column":2},"end":{"line":20,"column":null}},"8":{"start":{"line":23,"column":2},"end":{"line":23,"column":null}},"9":{"start":{"line":26,"column":2},"end":{"line":26,"column":null}},"10":{"start":{"line":29,"column":2},"end":{"line":29,"column":null}},"11":{"start":{"line":6,"column":13},"end":{"line":30,"column":null}}},"fnMap":{},"branchMap":{},"s":{"0":2,"1":2,"2":2,"3":2,"4":2,"5":2,"6":2,"7":2,"8":2,"9":2,"10":2,"11":2},"f":{},"b":{}}
,"C:\\Users\\willi\\Documents\\PROJETOS\\Gerenciador_Financeiro-4.0\\backend\\src\\transaction\\transaction.module.ts": {"path":"C:\\Users\\willi\\Documents\\PROJETOS\\Gerenciador_Financeiro-4.0\\backend\\src\\transaction\\transaction.module.ts","statementMap":{"0":{"start":{"line":1,"column":0},"end":{"line":1,"column":40}},"1":{"start":{"line":2,"column":0},"end":{"line":2,"column":48}},"2":{"start":{"line":3,"column":0},"end":{"line":3,"column":51}},"3":{"start":{"line":4,"column":0},"end":{"line":4,"column":59}},"4":{"start":{"line":5,"column":0},"end":{"line":5,"column":65}},"5":{"start":{"line":12,"column":7},"end":{"line":12,"column":null}},"6":{"start":{"line":12,"column":13},"end":{"line":12,"column":30}},"7":{"start":{"line":12,"column":13},"end":{"line":12,"column":null}}},"fnMap":{},"branchMap":{},"s":{"0":0,"1":0,"2":0,"3":0,"4":0,"5":0,"6":0,"7":0},"f":{},"b":{}}
,"C:\\Users\\willi\\Documents\\PROJETOS\\Gerenciador_Financeiro-4.0\\backend\\src\\transaction\\transaction.service.ts": {"path":"C:\\Users\\willi\\Documents\\PROJETOS\\Gerenciador_Financeiro-4.0\\backend\\src\\transaction\\transaction.service.ts","statementMap":{"0":{"start":{"line":1,"column":0},"end":{"line":1,"column":44}},"1":{"start":{"line":2,"column":0},"end":{"line":2,"column":51}},"2":{"start":{"line":3,"column":0},"end":{"line":3,"column":37}},"3":{"start":{"line":4,"column":0},"end":{"line":4,"column":51}},"4":{"start":{"line":7,"column":7},"end":{"line":46,"column":null}},"5":{"start":{"line":10,"column":21},"end":{"line":10,"column":27}},"6":{"start":{"line":14,"column":4},"end":{"line":14,"column":28}},"7":{"start":{"line":18,"column":4},"end":{"line":18,"column":39}},"8":{"start":{"line":23,"column":19},"end":{"line":28,"column":6}},"9":{"start":{"line":29,"column":4},"end":{"line":29,"column":28}},"10":{"start":{"line":29,"column":16},"end":{"line":29,"column":28}},"11":{"start":{"line":30,"column":18},"end":{"line":30,"column":40}},"12":{"start":{"line":31,"column":4},"end":{"line":31,"column":33}},"13":{"start":{"line":35,"column":4},"end":{"line":35,"column":37}},"14":{"start":{"line":36,"column":4},"end":{"line":36,"column":28}},"15":{"start":{"line":40,"column":4},"end":{"line":40,"column":31}},"16":{"start":{"line":44,"column":4},"end":{"line":44,"column":28}},"17":{"start":{"line":7,"column":13},"end":{"line":7,"column":31}},"18":{"start":{"line":7,"column":13},"end":{"line":46,"column":null}}},"fnMap":{"0":{"name":"(anonymous_4)","decl":{"start":{"line":8,"column":2},"end":{"line":8,"column":null}},"loc":{"start":{"line":10,"column":50},"end":{"line":11,"column":6}}},"1":{"name":"(anonymous_5)","decl":{"start":{"line":13,"column":2},"end":{"line":13,"column":9}},"loc":{"start":{"line":13,"column":9},"end":{"line":15,"column":3}}},"2":{"name":"(anonymous_6)","decl":{"start":{"line":17,"column":2},"end":{"line":17,"column":9}},"loc":{"start":{"line":17,"column":20},"end":{"line":19,"column":3}}},"3":{"name":"(anonymous_7)","decl":{"start":{"line":21,"column":2},"end":{"line":21,"column":7}},"loc":{"start":{"line":21,"column":41},"end":{"line":32,"column":3}}},"4":{"name":"(anonymous_8)","decl":{"start":{"line":34,"column":2},"end":{"line":34,"column":7}},"loc":{"start":{"line":34,"column":53},"end":{"line":37,"column":3}}},"5":{"name":"(anonymous_9)","decl":{"start":{"line":39,"column":2},"end":{"line":39,"column":7}},"loc":{"start":{"line":39,"column":25},"end":{"line":41,"column":3}}},"6":{"name":"(anonymous_10)","decl":{"start":{"line":43,"column":2},"end":{"line":43,"column":7}},"loc":{"start":{"line":43,"column":17},"end":{"line":45,"column":3}}}},"branchMap":{"0":{"loc":{"start":{"line":29,"column":4},"end":{"line":29,"column":28}},"type":"if","locations":[{"start":{"line":29,"column":4},"end":{"line":29,"column":28}}]}},"s":{"0":2,"1":2,"2":2,"3":2,"4":2,"5":8,"6":1,"7":1,"8":2,"9":2,"10":1,"11":1,"12":1,"13":1,"14":1,"15":1,"16":1,"17":2,"18":2},"f":{"0":8,"1":1,"2":1,"3":2,"4":1,"5":1,"6":1},"b":{"0":[1]}}
}
