TN:
SF:src\app.module.ts
FNF:0
FNH:0
DA:1,0
DA:2,0
DA:3,0
DA:4,0
DA:5,0
DA:6,0
DA:25,0
LF:7
LH:0
BRDA:12,0,0,0
BRDA:12,0,1,0
BRDA:12,1,0,0
BRDA:12,1,1,0
BRDA:13,2,0,0
BRDA:13,2,1,0
BRDA:14,3,0,0
BRDA:14,3,1,0
BRDA:14,4,0,0
BRDA:14,4,1,0
BRDA:15,5,0,0
BRDA:15,5,1,0
BRDA:15,6,0,0
BRDA:15,6,1,0
BRDA:16,7,0,0
BRDA:16,7,1,0
BRDA:16,8,0,0
BRDA:16,8,1,0
BRF:18
BRH:0
end_of_record
TN:
SF:src\dashboard.controller.ts
FN:8,(anonymous_4)
FN:14,(anonymous_5)
FN:17,(anonymous_6)
FN:18,(anonymous_7)
FN:27,(anonymous_8)
FN:27,(anonymous_9)
FN:28,(anonymous_10)
FN:28,(anonymous_11)
FNF:8
FNH:0
FNDA:0,(anonymous_4)
FNDA:0,(anonymous_5)
FNDA:0,(anonymous_6)
FNDA:0,(anonymous_7)
FNDA:0,(anonymous_8)
FNDA:0,(anonymous_9)
FNDA:0,(anonymous_10)
FNDA:0,(anonymous_11)
DA:1,0
DA:2,0
DA:3,0
DA:4,0
DA:7,0
DA:10,0
DA:14,0
DA:15,0
DA:17,0
DA:18,0
DA:19,0
DA:20,0
DA:22,0
DA:24,0
DA:27,0
DA:28,0
DA:29,0
LF:17
LH:0
BRDA:19,0,0,0
BRDA:19,0,1,0
BRF:2
BRH:0
end_of_record
TN:
SF:src\ia-chat.controller.ts
FN:6,(anonymous_4)
FNF:1
FNH:0
FNDA:0,(anonymous_4)
DA:1,0
DA:4,0
DA:6,0
DA:9,0
DA:10,0
DA:11,0
DA:12,0
DA:13,0
DA:14,0
DA:15,0
DA:16,0
DA:17,0
DA:18,0
DA:20,0
LF:14
LH:0
BRDA:9,0,0,0
BRDA:9,0,1,0
BRDA:9,1,0,0
BRDA:9,1,1,0
BRDA:9,2,0,0
BRDA:9,2,1,0
BRDA:11,3,0,0
BRDA:11,3,1,0
BRDA:11,4,0,0
BRDA:11,4,1,0
BRDA:13,5,0,0
BRDA:13,5,1,0
BRDA:15,6,0,0
BRDA:15,6,1,0
BRDA:15,7,0,0
BRDA:15,7,1,0
BRDA:17,8,0,0
BRF:17
BRH:0
end_of_record
TN:
SF:src\main.ts
FN:4,bootstrap
FNF:1
FNH:0
FNDA:0,bootstrap
DA:1,0
DA:2,0
DA:5,0
DA:6,0
DA:7,0
DA:9,0
LF:6
LH:0
BRF:0
BRH:0
end_of_record
TN:
SF:src\transaction\create-transaction.dto.ts
FNF:0
FNH:0
DA:3,0
LF:1
LH:0
BRF:0
BRH:0
end_of_record
TN:
SF:src\transaction\transaction.controller.ts
FN:10,(anonymous_4)
FN:13,(anonymous_5)
FN:18,(anonymous_6)
FN:23,(anonymous_7)
FN:28,(anonymous_8)
FN:33,(anonymous_9)
FN:38,(anonymous_10)
FN:44,(anonymous_11)
FN:67,(anonymous_12)
FNF:9
FNH:7
FNDA:6,(anonymous_4)
FNDA:1,(anonymous_5)
FNDA:1,(anonymous_6)
FNDA:1,(anonymous_7)
FNDA:1,(anonymous_8)
FNDA:1,(anonymous_9)
FNDA:1,(anonymous_10)
FNDA:0,(anonymous_11)
FNDA:0,(anonymous_12)
DA:1,1
DA:2,1
DA:4,1
DA:9,1
DA:10,6
DA:13,1
DA:14,1
DA:18,1
DA:19,1
DA:23,1
DA:24,1
DA:28,1
DA:29,1
DA:33,1
DA:34,1
DA:38,1
DA:39,1
DA:44,1
DA:46,0
DA:47,0
DA:55,0
DA:56,0
DA:58,0
DA:59,0
DA:60,0
DA:61,0
DA:62,0
DA:63,0
DA:64,0
DA:65,0
DA:67,0
DA:68,0
DA:69,0
DA:70,0
DA:71,0
DA:72,0
DA:74,0
DA:76,0
DA:77,0
DA:79,0
DA:80,0
DA:81,0
DA:82,0
DA:83,0
DA:84,0
DA:86,0
DA:87,0
DA:88,0
DA:90,0
DA:91,0
DA:94,0
DA:95,0
DA:96,0
DA:98,0
DA:99,0
DA:100,0
DA:102,0
DA:103,0
DA:105,0
DA:107,0
DA:109,0
DA:110,0
DA:111,0
DA:112,0
DA:113,0
DA:122,0
DA:124,0
DA:126,0
DA:129,0
DA:130,0
DA:132,0
DA:133,0
DA:136,0
DA:137,0
DA:138,0
DA:139,0
DA:140,0
DA:141,0
DA:142,0
DA:143,0
DA:144,0
DA:146,0
DA:147,0
DA:148,0
DA:149,0
DA:150,0
DA:151,0
DA:153,0
DA:154,0
DA:155,0
DA:156,0
DA:158,0
DA:159,0
LF:93
LH:18
BRDA:59,0,0,0
BRDA:59,0,1,0
BRDA:60,1,0,0
BRDA:60,1,1,0
BRDA:61,2,0,0
BRDA:61,2,1,0
BRDA:62,3,0,0
BRDA:62,3,1,0
BRDA:63,4,0,0
BRDA:63,4,1,0
BRDA:64,5,0,0
BRDA:64,5,1,0
BRDA:65,6,0,0
BRDA:76,7,0,0
BRDA:76,7,1,0
BRDA:76,8,0,0
BRDA:76,8,1,0
BRDA:82,9,0,0
BRDA:82,10,0,0
BRDA:82,10,1,0
BRDA:84,11,0,0
BRDA:86,12,0,0
BRDA:86,13,0,0
BRDA:86,13,1,0
BRDA:88,14,0,0
BRDA:90,15,0,0
BRDA:95,16,0,0
BRDA:96,17,0,0
BRDA:100,18,0,0
BRDA:100,18,1,0
BRDA:102,19,0,0
BRDA:107,20,0,0
BRDA:107,20,1,0
BRDA:107,21,0,0
BRDA:107,21,1,0
BRDA:110,22,0,0
BRDA:110,22,1,0
BRDA:110,23,0,0
BRDA:110,23,1,0
BRDA:129,24,0,0
BRDA:129,25,0,0
BRDA:129,25,1,0
BRDA:150,26,0,0
BRDA:150,26,1,0
BRF:44
BRH:0
end_of_record
TN:
SF:src\transaction\transaction.entity.ts
FNF:0
FNH:0
DA:1,2
DA:6,2
DA:8,2
DA:11,2
DA:14,2
DA:17,2
DA:20,2
DA:23,2
DA:26,2
DA:29,2
LF:10
LH:10
BRF:0
BRH:0
end_of_record
TN:
SF:src\transaction\transaction.module.ts
FNF:0
FNH:0
DA:1,0
DA:2,0
DA:3,0
DA:4,0
DA:5,0
DA:12,0
LF:6
LH:0
BRF:0
BRH:0
end_of_record
TN:
SF:src\transaction\transaction.service.ts
FN:8,(anonymous_4)
FN:13,(anonymous_5)
FN:17,(anonymous_6)
FN:21,(anonymous_7)
FN:34,(anonymous_8)
FN:39,(anonymous_9)
FN:43,(anonymous_10)
FNF:7
FNH:7
FNDA:8,(anonymous_4)
FNDA:1,(anonymous_5)
FNDA:1,(anonymous_6)
FNDA:2,(anonymous_7)
FNDA:1,(anonymous_8)
FNDA:1,(anonymous_9)
FNDA:1,(anonymous_10)
DA:1,2
DA:2,2
DA:3,2
DA:4,2
DA:7,2
DA:10,8
DA:14,1
DA:18,1
DA:23,2
DA:29,2
DA:30,1
DA:31,1
DA:35,1
DA:36,1
DA:40,1
DA:44,1
LF:16
LH:16
BRDA:29,0,0,1
BRF:1
BRH:1
end_of_record
